<?xml version="1.0" encoding="UTF-8"?>
<!-- Generated by org.testng.reporters.JUnitReportReporter -->
<testsuite hostname="DESKTOP-VK59J2P" failures="0" tests="1" name="testcase.testing" time="360.918" errors="0" timestamp="2021-09-16T12:42:38 IST" skipped="0">
  <testcase classname="testcase.testing" name="Diary_Job_Final_Invoiced" time="360.918"/>
  <system-out/>
</testsuite> <!-- testcase.testing -->
